This is pdfTeX, Version 3.14159265-2.6-1.40.16 (TeX Live 2015/Debian) (preloaded format=pdflatex 2017.8.23)  1 NOV 2018 20:31
entering extended mode
 restricted \write18 enabled.
 %&-line parsing enabled.
**Notes_Main.tex
(./Notes_Main.tex
LaTeX2e <2016/02/01>
Babel <3.9q> and hyphenation patterns for 81 language(s) loaded.
(./ThesisPreamble.tex (/usr/share/texlive/texmf-dist/tex/latex/base/report.cls
Document Class: report 2014/09/29 v1.4h Standard LaTeX document class
(/usr/share/texlive/texmf-dist/tex/latex/base/size12.clo
File: size12.clo 2014/09/29 v1.4h Standard LaTeX file (size option)
)
\c@part=\count79
\c@chapter=\count80
\c@section=\count81
\c@subsection=\count82
\c@subsubsection=\count83
\c@paragraph=\count84
\c@subparagraph=\count85
\c@figure=\count86
\c@table=\count87
\abovecaptionskip=\skip41
\belowcaptionskip=\skip42
\bibindent=\dimen102
)
(/usr/share/texlive/texmf-dist/tex/latex/amsmath/amsmath.sty
Package: amsmath 2016/03/03 v2.15a AMS math features
\@mathmargin=\skip43

For additional information on amsmath, use the `?' option.
(/usr/share/texlive/texmf-dist/tex/latex/amsmath/amstext.sty
Package: amstext 2000/06/29 v2.01 AMS text

(/usr/share/texlive/texmf-dist/tex/latex/amsmath/amsgen.sty
File: amsgen.sty 1999/11/30 v2.0 generic functions
\@emptytoks=\toks14
\ex@=\dimen103
))
(/usr/share/texlive/texmf-dist/tex/latex/amsmath/amsbsy.sty
Package: amsbsy 1999/11/29 v1.2d Bold Symbols
\pmbraise@=\dimen104
)
(/usr/share/texlive/texmf-dist/tex/latex/amsmath/amsopn.sty
Package: amsopn 1999/12/14 v2.01 operator names
)
\inf@bad=\count88
LaTeX Info: Redefining \frac on input line 199.
\uproot@=\count89
\leftroot@=\count90
LaTeX Info: Redefining \overline on input line 297.
\classnum@=\count91
\DOTSCASE@=\count92
LaTeX Info: Redefining \ldots on input line 394.
LaTeX Info: Redefining \dots on input line 397.
LaTeX Info: Redefining \cdots on input line 518.
\Mathstrutbox@=\box26
\strutbox@=\box27
\big@size=\dimen105
LaTeX Font Info:    Redeclaring font encoding OML on input line 630.
LaTeX Font Info:    Redeclaring font encoding OMS on input line 631.
\macc@depth=\count93
\c@MaxMatrixCols=\count94
\dotsspace@=\muskip10
\c@parentequation=\count95
\dspbrk@lvl=\count96
\tag@help=\toks15
\row@=\count97
\column@=\count98
\maxfields@=\count99
\andhelp@=\toks16
\eqnshift@=\dimen106
\alignsep@=\dimen107
\tagshift@=\dimen108
\tagwidth@=\dimen109
\totwidth@=\dimen110
\lineht@=\dimen111
\@envbody=\toks17
\multlinegap=\skip44
\multlinetaggap=\skip45
\mathdisplay@stack=\toks18
LaTeX Info: Redefining \[ on input line 2735.
LaTeX Info: Redefining \] on input line 2736.
)
(/usr/share/texlive/texmf-dist/tex/latex/amsfonts/amssymb.sty
Package: amssymb 2013/01/14 v3.01 AMS font symbols

(/usr/share/texlive/texmf-dist/tex/latex/amsfonts/amsfonts.sty
Package: amsfonts 2013/01/14 v3.01 Basic AMSFonts support
\symAMSa=\mathgroup4
\symAMSb=\mathgroup5
LaTeX Font Info:    Overwriting math alphabet `\mathfrak' in version `bold'
(Font)                  U/euf/m/n --> U/euf/b/n on input line 106.
))
(/usr/share/texlive/texmf-dist/tex/latex/jknapltx/mathrsfs.sty
Package: mathrsfs 1996/01/01 Math RSFS package v1.0 (jk)
\symrsfs=\mathgroup6
)
(/usr/share/texlive/texmf-dist/tex/latex/graphics/graphicx.sty
Package: graphicx 2014/10/28 v1.0g Enhanced LaTeX Graphics (DPC,SPQR)

(/usr/share/texlive/texmf-dist/tex/latex/graphics/keyval.sty
Package: keyval 2014/10/28 v1.15 key=value parser (DPC)
\KV@toks@=\toks19
)
(/usr/share/texlive/texmf-dist/tex/latex/graphics/graphics.sty
Package: graphics 2016/01/03 v1.0q Standard LaTeX Graphics (DPC,SPQR)

(/usr/share/texlive/texmf-dist/tex/latex/graphics/trig.sty
Package: trig 2016/01/03 v1.10 sin cos tan (DPC)
)
(/usr/share/texlive/texmf-dist/tex/latex/latexconfig/graphics.cfg
File: graphics.cfg 2010/04/23 v1.9 graphics configuration of TeX Live
)
Package graphics Info: Driver file: pdftex.def on input line 95.

(/usr/share/texlive/texmf-dist/tex/latex/pdftex-def/pdftex.def
File: pdftex.def 2011/05/27 v0.06d Graphics/color for pdfTeX

(/usr/share/texlive/texmf-dist/tex/generic/oberdiek/infwarerr.sty
Package: infwarerr 2010/04/08 v1.3 Providing info/warning/error messages (HO)
)
(/usr/share/texlive/texmf-dist/tex/generic/oberdiek/ltxcmds.sty
Package: ltxcmds 2011/11/09 v1.22 LaTeX kernel commands for general use (HO)
)
\Gread@gobject=\count100
))
\Gin@req@height=\dimen112
\Gin@req@width=\dimen113
)
(/usr/share/texlive/texmf-dist/tex/latex/amscls/amsthm.sty
Package: amsthm 2015/03/04 v2.20.2
\thm@style=\toks20
\thm@bodyfont=\toks21
\thm@headfont=\toks22
\thm@notefont=\toks23
\thm@headpunct=\toks24
\thm@preskip=\skip46
\thm@postskip=\skip47
\thm@headsep=\skip48
\dth@everypar=\toks25
)
(/usr/share/texlive/texmf-dist/tex/latex/algorithms/algorithm.sty
Package: algorithm 2009/08/24 v0.1 Document Style `algorithm' - floating enviro
nment

(/usr/share/texlive/texmf-dist/tex/latex/float/float.sty
Package: float 2001/11/08 v1.3d Float enhancements (AL)
\c@float@type=\count101
\float@exts=\toks26
\float@box=\box28
\@float@everytoks=\toks27
\@floatcapt=\box29
)
(/usr/share/texlive/texmf-dist/tex/latex/base/ifthen.sty
Package: ifthen 2014/09/29 v1.1c Standard LaTeX ifthen package (DPC)
)
\@float@every@algorithm=\toks28
\c@algorithm=\count102
)
(/usr/share/texlive/texmf-dist/tex/latex/algorithmicx/algpseudocode.sty
Package: algpseudocode 

(/usr/share/texlive/texmf-dist/tex/latex/algorithmicx/algorithmicx.sty
Package: algorithmicx 2005/04/27 v1.2 Algorithmicx

Document Style algorithmicx 1.2 - a greatly improved `algorithmic' style
\c@ALG@line=\count103
\c@ALG@rem=\count104
\c@ALG@nested=\count105
\ALG@tlm=\skip49
\ALG@thistlm=\skip50
\c@ALG@Lnr=\count106
\c@ALG@blocknr=\count107
\c@ALG@storecount=\count108
\c@ALG@tmpcounter=\count109
\ALG@tmplength=\skip51
)
Document Style - pseudocode environments for use with the `algorithmicx' style
) (/usr/share/texlive/texmf-dist/tex/latex/base/fontenc.sty
Package: fontenc 2005/09/27 v1.99g Standard LaTeX package

(/usr/share/texlive/texmf-dist/tex/latex/base/t1enc.def
File: t1enc.def 2005/09/27 v1.99g Standard LaTeX file
LaTeX Font Info:    Redeclaring font encoding T1 on input line 48.
))
(/usr/share/texlive/texmf-dist/tex/latex/hyperref/hyperref.sty
Package: hyperref 2012/11/06 v6.83m Hypertext links for LaTeX

(/usr/share/texlive/texmf-dist/tex/generic/oberdiek/hobsub-hyperref.sty
Package: hobsub-hyperref 2012/05/28 v1.13 Bundle oberdiek, subset hyperref (HO)


(/usr/share/texlive/texmf-dist/tex/generic/oberdiek/hobsub-generic.sty
Package: hobsub-generic 2012/05/28 v1.13 Bundle oberdiek, subset generic (HO)
Package: hobsub 2012/05/28 v1.13 Construct package bundles (HO)
Package hobsub Info: Skipping package `infwarerr' (already loaded).
Package hobsub Info: Skipping package `ltxcmds' (already loaded).
Package: ifluatex 2010/03/01 v1.3 Provides the ifluatex switch (HO)
Package ifluatex Info: LuaTeX not detected.
Package: ifvtex 2010/03/01 v1.5 Detect VTeX and its facilities (HO)
Package ifvtex Info: VTeX not detected.
Package: intcalc 2007/09/27 v1.1 Expandable calculations with integers (HO)
Package: ifpdf 2011/01/30 v2.3 Provides the ifpdf switch (HO)
Package ifpdf Info: pdfTeX in PDF mode is detected.
Package: etexcmds 2011/02/16 v1.5 Avoid name clashes with e-TeX commands (HO)
Package etexcmds Info: Could not find \expanded.
(etexcmds)             That can mean that you are not using pdfTeX 1.50 or
(etexcmds)             that some package has redefined \expanded.
(etexcmds)             In the latter case, load this package earlier.
Package: kvsetkeys 2012/04/25 v1.16 Key value parser (HO)
Package: kvdefinekeys 2011/04/07 v1.3 Define keys (HO)
Package: pdftexcmds 2011/11/29 v0.20 Utility functions of pdfTeX for LuaTeX (HO
)
Package pdftexcmds Info: LuaTeX not detected.
Package pdftexcmds Info: \pdf@primitive is available.
Package pdftexcmds Info: \pdf@ifprimitive is available.
Package pdftexcmds Info: \pdfdraftmode found.
Package: pdfescape 2011/11/25 v1.13 Implements pdfTeX's escape features (HO)
Package: bigintcalc 2012/04/08 v1.3 Expandable calculations on big integers (HO
)
Package: bitset 2011/01/30 v1.1 Handle bit-vector datatype (HO)
Package: uniquecounter 2011/01/30 v1.2 Provide unlimited unique counter (HO)
)
Package hobsub Info: Skipping package `hobsub' (already loaded).
Package: letltxmacro 2010/09/02 v1.4 Let assignment for LaTeX macros (HO)
Package: hopatch 2012/05/28 v1.2 Wrapper for package hooks (HO)
Package: xcolor-patch 2011/01/30 xcolor patch
Package: atveryend 2011/06/30 v1.8 Hooks at the very end of document (HO)
Package atveryend Info: \enddocument detected (standard20110627).
Package: atbegshi 2011/10/05 v1.16 At begin shipout hook (HO)
Package: refcount 2011/10/16 v3.4 Data extraction from label references (HO)
Package: hycolor 2011/01/30 v1.7 Color options for hyperref/bookmark (HO)
)
(/usr/share/texlive/texmf-dist/tex/generic/ifxetex/ifxetex.sty
Package: ifxetex 2010/09/12 v0.6 Provides ifxetex conditional
)
(/usr/share/texlive/texmf-dist/tex/latex/oberdiek/auxhook.sty
Package: auxhook 2011/03/04 v1.3 Hooks for auxiliary files (HO)
)
(/usr/share/texlive/texmf-dist/tex/latex/oberdiek/kvoptions.sty
Package: kvoptions 2011/06/30 v3.11 Key value format for package options (HO)
)
\@linkdim=\dimen114
\Hy@linkcounter=\count110
\Hy@pagecounter=\count111

(/usr/share/texlive/texmf-dist/tex/latex/hyperref/pd1enc.def
File: pd1enc.def 2012/11/06 v6.83m Hyperref: PDFDocEncoding definition (HO)
)
\Hy@SavedSpaceFactor=\count112

(/usr/share/texlive/texmf-dist/tex/latex/latexconfig/hyperref.cfg
File: hyperref.cfg 2002/06/06 v1.2 hyperref configuration of TeXLive
)
Package hyperref Info: Hyper figures OFF on input line 4443.
Package hyperref Info: Link nesting OFF on input line 4448.
Package hyperref Info: Hyper index ON on input line 4451.
Package hyperref Info: Plain pages OFF on input line 4458.
Package hyperref Info: Backreferencing OFF on input line 4463.
Package hyperref Info: Implicit mode ON; LaTeX internals redefined.
Package hyperref Info: Bookmarks ON on input line 4688.
\c@Hy@tempcnt=\count113

(/usr/share/texlive/texmf-dist/tex/latex/url/url.sty
\Urlmuskip=\muskip11
Package: url 2013/09/16  ver 3.4  Verb mode for urls, etc.
)
LaTeX Info: Redefining \url on input line 5041.
\XeTeXLinkMargin=\dimen115
\Fld@menulength=\count114
\Field@Width=\dimen116
\Fld@charsize=\dimen117
Package hyperref Info: Hyper figures OFF on input line 6295.
Package hyperref Info: Link nesting OFF on input line 6300.
Package hyperref Info: Hyper index ON on input line 6303.
Package hyperref Info: backreferencing OFF on input line 6310.
Package hyperref Info: Link coloring OFF on input line 6315.
Package hyperref Info: Link coloring with OCG OFF on input line 6320.
Package hyperref Info: PDF/A mode OFF on input line 6325.
LaTeX Info: Redefining \ref on input line 6365.
LaTeX Info: Redefining \pageref on input line 6369.
\Hy@abspage=\count115
\c@Item=\count116
\c@Hfootnote=\count117
)

Package hyperref Message: Driver (autodetected): hpdftex.

(/usr/share/texlive/texmf-dist/tex/latex/hyperref/hpdftex.def
File: hpdftex.def 2012/11/06 v6.83m Hyperref driver for pdfTeX
\Fld@listcount=\count118
\c@bookmark@seq@number=\count119

(/usr/share/texlive/texmf-dist/tex/latex/oberdiek/rerunfilecheck.sty
Package: rerunfilecheck 2011/04/15 v1.7 Rerun checks for auxiliary files (HO)
Package uniquecounter Info: New unique counter `rerunfilecheck' on input line 2
82.
)
\Hy@SectionHShift=\skip52
)
\c@defn=\count120
\c@thm=\count121
)
(./Notes_Main.aux

LaTeX Warning: Label `eq:greedyOpt' multiply defined.


LaTeX Warning: Label `eq:Greens' multiply defined.

)
\openout1 = `Notes_Main.aux'.

LaTeX Font Info:    Checking defaults for OML/cmm/m/it on input line 2.
LaTeX Font Info:    ... okay on input line 2.
LaTeX Font Info:    Checking defaults for T1/cmr/m/n on input line 2.
LaTeX Font Info:    ... okay on input line 2.
LaTeX Font Info:    Checking defaults for OT1/cmr/m/n on input line 2.
LaTeX Font Info:    ... okay on input line 2.
LaTeX Font Info:    Checking defaults for OMS/cmsy/m/n on input line 2.
LaTeX Font Info:    ... okay on input line 2.
LaTeX Font Info:    Checking defaults for OMX/cmex/m/n on input line 2.
LaTeX Font Info:    ... okay on input line 2.
LaTeX Font Info:    Checking defaults for U/cmr/m/n on input line 2.
LaTeX Font Info:    ... okay on input line 2.
LaTeX Font Info:    Checking defaults for PD1/pdf/m/n on input line 2.
LaTeX Font Info:    ... okay on input line 2.
 (/usr/share/texlive/texmf-dist/tex/context/base/supp-pdf.mkii
[Loading MPS to PDF converter (version 2006.09.02).]
\scratchcounter=\count122
\scratchdimen=\dimen118
\scratchbox=\box30
\nofMPsegments=\count123
\nofMParguments=\count124
\everyMPshowfont=\toks29
\MPscratchCnt=\count125
\MPscratchDim=\dimen119
\MPnumerator=\count126
\makeMPintoPDFobject=\count127
\everyMPtoPDFconversion=\toks30
) (/usr/share/texlive/texmf-dist/tex/latex/oberdiek/epstopdf-base.sty
Package: epstopdf-base 2010/02/09 v2.5 Base part for package epstopdf

(/usr/share/texlive/texmf-dist/tex/latex/oberdiek/grfext.sty
Package: grfext 2010/08/19 v1.1 Manage graphics extensions (HO)
)
Package grfext Info: Graphics extension search list:
(grfext)             [.png,.pdf,.jpg,.mps,.jpeg,.jbig2,.jb2,.PNG,.PDF,.JPG,.JPE
G,.JBIG2,.JB2,.eps]
(grfext)             \AppendGraphicsExtensions on input line 452.

(/usr/share/texlive/texmf-dist/tex/latex/latexconfig/epstopdf-sys.cfg
File: epstopdf-sys.cfg 2010/07/13 v1.3 Configuration of (r)epstopdf for TeX Liv
e
))
\AtBeginShipoutBox=\box31
Package hyperref Info: Link coloring OFF on input line 2.

(/usr/share/texlive/texmf-dist/tex/latex/hyperref/nameref.sty
Package: nameref 2012/10/27 v2.43 Cross-referencing by name of section

(/usr/share/texlive/texmf-dist/tex/generic/oberdiek/gettitlestring.sty
Package: gettitlestring 2010/12/03 v1.4 Cleanup title references (HO)
)
\c@section@level=\count128
)
LaTeX Info: Redefining \ref on input line 2.
LaTeX Info: Redefining \pageref on input line 2.
LaTeX Info: Redefining \nameref on input line 2.

(./Notes_Main.out) (./Notes_Main.out)
\@outlinefile=\write3
\openout3 = `Notes_Main.out'.

 [1

{/var/lib/texmf/fonts/map/pdftex/updmap/pdftex.map}] (./Notes_Main.toc
LaTeX Font Info:    Try loading font information for U+msa on input line 3.

(/usr/share/texlive/texmf-dist/tex/latex/amsfonts/umsa.fd
File: umsa.fd 2013/01/14 v3.01 AMS symbols A
)
LaTeX Font Info:    Try loading font information for U+msb on input line 3.

(/usr/share/texlive/texmf-dist/tex/latex/amsfonts/umsb.fd
File: umsb.fd 2013/01/14 v3.01 AMS symbols B
)
LaTeX Font Info:    Try loading font information for U+rsfs on input line 3.

(/usr/share/texlive/texmf-dist/tex/latex/jknapltx/ursfs.fd
File: ursfs.fd 1998/03/24 rsfs font definition file (jk)
) [1

] [2])
\tf@toc=\write4
\openout4 = `Notes_Main.toc'.

 [3]
(./Introduction.tex
Chapter 1.
) (./General_relativity.texpdfTeX warning (ext4): destination with the same ide
ntifier (name{page.1}) has been already used, duplicate ignored
<to be read again> 
                   \relax 
l.5 \chapter
            {General Relativity} [1

]
Chapter 2.

Underfull \hbox (badness 10000) in paragraph at lines 7--8

 []


Underfull \hbox (badness 10000) in paragraph at lines 11--13

 []

[2

]
Underfull \hbox (badness 10000) in paragraph at lines 23--24

 []


Underfull \hbox (badness 10000) in paragraph at lines 31--33

 []

[3] [4]
LaTeX Font Info:    Try loading font information for OMS+cmr on input line 120.

 (/usr/share/texlive/texmf-dist/tex/latex/base/omscmr.fd
File: omscmr.fd 2014/09/29 v2.5h Standard LaTeX font definitions
)
LaTeX Font Info:    Font shape `OMS/cmr/m/n' in size <12> not available
(Font)              Font shape `OMS/cmsy/m/n' tried instead on input line 120.

Overfull \hbox (3.41277pt too wide) in paragraph at lines 121--122
[]\T1/cmr/m/n/12 apparent and event hori-zons (EH= bound-ary where pho-tons can
 es-cape to in-fin-ity (nonlocal-
 []

[5] [6] [7]

LaTeX Warning: Citation `Wald' on page 8 undefined on input line 228.

[8] [9]
LaTeX Font Info:    Try loading font information for T1+cmtt on input line 323.

 (/usr/share/texlive/texmf-dist/tex/latex/base/t1cmtt.fd
File: t1cmtt.fd 2014/09/29 v2.5h Standard LaTeX font definitions
)
Overfull \hbox (9.06012pt too wide) in paragraph at lines 324--325
[][]$\T1/cmtt/m/n/12 http : / / www . tat . physik . uni-[]tuebingen . de / ~ko
kkotas / Teaching / NS . BH . GW _ files / GW _
 []

[10]) (./Formalism_of_Numerical_Relativity.tex [11]
Chapter 3.
[12

] [13]

LaTeX Warning: Citation `BaumgarteShapiro' on page 14 undefined on input line 8
8.


LaTeX Warning: Citation `BaumgarteShapiro' on page 14 undefined on input line 1
18.

[14] [15]

LaTeX Warning: Reference `eq:traceEFE' on page 16 undefined on input line 194.

[16] [17] [18] [19] [20]

LaTeX Warning: Reference `HamConstraint' on page 21 undefined on input line 411
.


LaTeX Warning: Reference `MomConstraint' on page 21 undefined on input line 411
.

[21]) (./State_of_the_Art.tex [22]
Chapter 4.

LaTeX Warning: Citation `Scheel2013' on page 23 undefined on input line 19.


LaTeX Warning: Citation `LoustoZloch2011' on page 23 undefined on input line 21
.

[23

]

LaTeX Warning: Citation `Schnetter2008' on page 24 undefined on input line 34.

[24] [25]) (./DataAnal.tex [26]
Chapter 5.
[27

] [28] [29] [30] [31]

LaTeX Warning: Citation `PhysRevD.82.044025' on page 32 undefined on input line
 157.

LaTeX Font Info:    Try loading font information for U+euf on input line 173.
(/usr/share/texlive/texmf-dist/tex/latex/amsfonts/ueuf.fd
File: ueuf.fd 2013/01/14 v3.01 Euler Fraktur
) [32] [33] [34]
[35] [36] [37]) (./ReducedBasis.tex [38] [39]
Chapter 6.
[40

] [41] [42] [43] [44] [45] [46] [47]) (./RBMforNR.tex [48]
Chapter 7.
[49

]
Package hyperref Info: bookmark level for unknown algorithm defaults to 0 on in
put line 54.
 [50] [51]
Chapter 8.
[52

] [53]

LaTeX Warning: Citation `lieberman2009' on page 54 undefined on input line 143.


[54] [55] [56]

LaTeX Warning: Reference `fig:Exp2rmsevecs' on page 57 undefined on input line 
356.


LaTeX Warning: Reference `fig:Exp2vecsreq' on page 57 undefined on input line 3
56.


LaTeX Warning: Reference `fig:AvNitsDim' on page 57 undefined on input line 391
.


LaTeX Warning: Reference `fig:AvFcalldim' on page 57 undefined on input line 39
1.

[57]) (./MRforDA.tex [58]
Chapter 9.
) (./FSN.tex [59

]
Appendix A.
[60

] [61] [62]) (./Differential_Geometry.tex [63]
Appendix B.

Underfull \hbox (badness 10000) in paragraph at lines 18--19

 []


Underfull \hbox (badness 10000) in paragraph at lines 20--21

 []

[64

]
Underfull \hbox (badness 10000) in paragraph at lines 28--29

 []


Underfull \hbox (badness 10000) in paragraph at lines 30--36

 []


Underfull \hbox (badness 10000) in paragraph at lines 37--40

 []


Underfull \hbox (badness 10000) in paragraph at lines 41--45

 []


Underfull \hbox (badness 10000) in paragraph at lines 46--49

 []

[65]
Underfull \hbox (badness 10000) in paragraph at lines 52--58

 []


Underfull \hbox (badness 10000) in paragraph at lines 59--65

 []


Underfull \hbox (badness 10000) in paragraph at lines 66--70

 []


Underfull \hbox (badness 10000) in paragraph at lines 77--84

 []


Underfull \hbox (badness 10000) in paragraph at lines 85--92

 []

[66]
Underfull \hbox (badness 10000) in paragraph at lines 98--102

 []


Underfull \hbox (badness 10000) in paragraph at lines 113--114

 []


LaTeX Warning: Citation `Sternberg' on page 67 undefined on input line 123.


Underfull \hbox (badness 10000) in paragraph at lines 121--124

 []


LaTeX Warning: Citation `Carroll' on page 67 undefined on input line 130.


Underfull \hbox (badness 10000) in paragraph at lines 135--141

 []


Underfull \hbox (badness 10000) in paragraph at lines 144--149

 []

[67]
Underfull \hbox (badness 10000) in paragraph at lines 150--158

 []


Underfull \hbox (badness 10000) in paragraph at lines 170--179

 []


Underfull \hbox (badness 10000) in paragraph at lines 197--200

 []

[68]
Underfull \hbox (badness 10000) in paragraph at lines 201--208

 []


Underfull \hbox (badness 10000) in paragraph at lines 209--214

 []


Underfull \hbox (badness 10000) in paragraph at lines 246--247

 []

[69]
Underfull \hbox (badness 10000) in paragraph at lines 260--262

 []


Underfull \hbox (badness 10000) in paragraph at lines 282--287

 []


Underfull \hbox (badness 10000) in paragraph at lines 295--298

 []

[70]
Underfull \hbox (badness 10000) in paragraph at lines 310--311

 []


Underfull \hbox (badness 10000) in paragraph at lines 317--320

 []


Underfull \hbox (badness 10000) in paragraph at lines 326--327

 []


Underfull \hbox (badness 10000) in paragraph at lines 332--336

 []

[71]
Underfull \hbox (badness 10000) in paragraph at lines 351--352

 []


Underfull \hbox (badness 10000) in paragraph at lines 362--364

 []

[72]
Underfull \hbox (badness 10000) in paragraph at lines 387--390

 []


Underfull \hbox (badness 10000) in paragraph at lines 402--404

 []

[73]
Underfull \hbox (badness 10000) in paragraph at lines 427--428

 []


LaTeX Warning: Citation `Lee' on page 74 undefined on input line 433.


Underfull \hbox (badness 10000) in paragraph at lines 451--453

 []


LaTeX Warning: Citation `Carroll' on page 74 undefined on input line 454.

[74]

LaTeX Warning: Citation `Lee' on page 75 undefined on input line 463.


Underfull \hbox (badness 10000) in paragraph at lines 463--464

 []


Underfull \hbox (badness 10000) in paragraph at lines 466--468

 []


LaTeX Warning: Citation `Carroll' on page 75 undefined on input line 469.

[75]
Underfull \hbox (badness 10000) in paragraph at lines 472--474

 []


Underfull \hbox (badness 10000) in paragraph at lines 476--478

 []

[76] [77]
Overfull \hbox (17.64189pt too wide) in alignment at lines 538--544
 [][][] []
 []

[78]
Underfull \hbox (badness 10000) in paragraph at lines 550--552

 []

[79]
Underfull \hbox (badness 10000) in paragraph at lines 595--596

 []


Underfull \hbox (badness 10000) in paragraph at lines 612--613

 []

[80]

LaTeX Warning: Citation `Lee' on page 81 undefined on input line 616.

[81]
Underfull \hbox (badness 10000) in paragraph at lines 652--654

 []

[82]

LaTeX Warning: Citation `Lee' on page 83 undefined on input line 656.


LaTeX Warning: Citation `Lee' on page 83 undefined on input line 667.

[83]

LaTeX Warning: Citation `Lee' on page 84 undefined on input line 740.

[84] [85]

LaTeX Warning: Citation `Stephani' on page 86 undefined on input line 823.

[86]

LaTeX Warning: Citation `Lee' on page 87 undefined on input line 829.


Underfull \hbox (badness 10000) in paragraph at lines 829--830

 []


Underfull \hbox (badness 10000) in paragraph at lines 831--832

 []


Package amsmath Warning: Foreign command \atopwithdelims;
(amsmath)                \frac or \genfrac should be used instead
(amsmath)                 on input line 846.

[87]

LaTeX Warning: Reference `eq:Rie2' on page 88 undefined on input line 860.


LaTeX Warning: Citation `Carroll' on page 88 undefined on input line 874.

[88]
Underfull \hbox (badness 10000) in paragraph at lines 1057--1059

 []

) (./PDEs.tex [89]
Appendix C.
[90

] [91])
No file Notes_Main.bbl.
Package atveryend Info: Empty hook `BeforeClearDocument' on input line 53.
[92]
Package atveryend Info: Empty hook `AfterLastShipout' on input line 53.
 (./Notes_Main.aux)
Package atveryend Info: Executing hook `AtVeryEndDocument' on input line 53.
Package atveryend Info: Executing hook `AtEndAfterFileList' on input line 53.
Package rerunfilecheck Info: File `Notes_Main.out' has not changed.
(rerunfilecheck)             Checksum: B97C54E0975E7ED2F63C5B872773E5FE;6586.


LaTeX Warning: There were undefined references.


LaTeX Warning: There were multiply-defined labels.

Package atveryend Info: Empty hook `AtVeryVeryEnd' on input line 53.
 ) 
Here is how much of TeX's memory you used:
 7841 strings out of 493029
 109425 string characters out of 6136234
 201069 words of memory out of 5000000
 10652 multiletter control sequences out of 15000+600000
 24161 words of font info for 60 fonts, out of 8000000 for 9000
 1141 hyphenation exceptions out of 8191
 31i,16n,28p,1088b,469s stack positions out of 5000i,500n,10000p,200000b,80000s
{/usr/share/texmf/fonts/enc/dvips/cm-super/cm-super-t1.enc}</usr/share/texliv
e/texmf-dist/fonts/type1/public/amsfonts/cm/cmbx12.pfb></usr/share/texlive/texm
f-dist/fonts/type1/public/amsfonts/cm/cmbx8.pfb></usr/share/texlive/texmf-dist/
fonts/type1/public/amsfonts/cm/cmex10.pfb></usr/share/texlive/texmf-dist/fonts/
type1/public/amsfonts/cm/cmmi12.pfb></usr/share/texlive/texmf-dist/fonts/type1/
public/amsfonts/cm/cmmi6.pfb></usr/share/texlive/texmf-dist/fonts/type1/public/
amsfonts/cm/cmmi8.pfb></usr/share/texlive/texmf-dist/fonts/type1/public/amsfont
s/cm/cmr12.pfb></usr/share/texlive/texmf-dist/fonts/type1/public/amsfonts/cm/cm
r6.pfb></usr/share/texlive/texmf-dist/fonts/type1/public/amsfonts/cm/cmr8.pfb><
/usr/share/texlive/texmf-dist/fonts/type1/public/amsfonts/cm/cmsy10.pfb></usr/s
hare/texlive/texmf-dist/fonts/type1/public/amsfonts/cm/cmsy6.pfb></usr/share/te
xlive/texmf-dist/fonts/type1/public/amsfonts/cm/cmsy8.pfb></usr/share/texlive/t
exmf-dist/fonts/type1/public/amsfonts/euler/eufm10.pfb></usr/share/texlive/texm
f-dist/fonts/type1/public/amsfonts/symbols/msam10.pfb></usr/share/texlive/texmf
-dist/fonts/type1/public/amsfonts/symbols/msbm10.pfb></usr/share/texlive/texmf-
dist/fonts/type1/public/rsfs/rsfs10.pfb></usr/share/texmf/fonts/type1/public/cm
-super/sfbi1200.pfb></usr/share/texmf/fonts/type1/public/cm-super/sfbx1200.pfb>
</usr/share/texmf/fonts/type1/public/cm-super/sfbx1440.pfb></usr/share/texmf/fo
nts/type1/public/cm-super/sfbx1728.pfb></usr/share/texmf/fonts/type1/public/cm-
super/sfbx2488.pfb></usr/share/texmf/fonts/type1/public/cm-super/sfcc0800.pfb><
/usr/share/texmf/fonts/type1/public/cm-super/sfrm1000.pfb></usr/share/texmf/fon
ts/type1/public/cm-super/sfrm1200.pfb></usr/share/texmf/fonts/type1/public/cm-s
uper/sfrm1440.pfb></usr/share/texmf/fonts/type1/public/cm-super/sfti1200.pfb></
usr/share/texmf/fonts/type1/public/cm-super/sftt1200.pfb>
Output written on Notes_Main.pdf (96 pages, 714928 bytes).
PDF statistics:
 1626 PDF objects out of 1728 (max. 8388607)
 1486 compressed objects within 15 object streams
 571 named destinations out of 1000 (max. 500000)
 737 words of extra memory for PDF output out of 10000 (max. 10000000)

