\BOOKMARK [0][-]{chapter.1}{Introduction}{}% 1
\BOOKMARK [0][-]{chapter.2}{General Relativity}{}% 2
\BOOKMARK [1][-]{section.2.1}{Pseudo-Riemannian Metrics}{chapter.2}% 3
\BOOKMARK [1][-]{section.2.2}{Einstein's Field Equations}{chapter.2}% 4
\BOOKMARK [1][-]{section.2.3}{Relativity in 1+1 dimensions}{chapter.2}% 5
\BOOKMARK [1][-]{section.2.4}{Minkowski Space}{chapter.2}% 6
\BOOKMARK [1][-]{section.2.5}{Black Holes}{chapter.2}% 7
\BOOKMARK [2][-]{subsection.2.5.1}{The Schwarzschild Solution}{section.2.5}% 8
\BOOKMARK [2][-]{subsection.2.5.2}{The Reissner-Nordstrom Solution}{section.2.5}% 9
\BOOKMARK [1][-]{section.2.6}{Linearised Gravity}{chapter.2}% 10
\BOOKMARK [2][-]{subsection.2.6.1}{Gauge Transformations}{section.2.6}% 11
\BOOKMARK [2][-]{subsection.2.6.2}{Gravitational Plane Wave Solutions }{section.2.6}% 12
\BOOKMARK [0][-]{chapter.3}{Formalism of Numerical Relativity}{}% 13
\BOOKMARK [1][-]{section.3.1}{Introduction}{chapter.3}% 14
\BOOKMARK [1][-]{section.3.2}{Splitting Space and Time}{chapter.3}% 15
\BOOKMARK [1][-]{section.3.3}{Projections of the Einstein Field Equations}{chapter.3}% 16
\BOOKMARK [1][-]{section.3.4}{Choosing Coordinates}{chapter.3}% 17
\BOOKMARK [1][-]{section.3.5}{Gauge Conditions}{chapter.3}% 18
\BOOKMARK [2][-]{subsection.3.5.1}{Geodesic slicing}{section.3.5}% 19
\BOOKMARK [2][-]{subsection.3.5.2}{Maximal slicing}{section.3.5}% 20
\BOOKMARK [2][-]{subsection.3.5.3}{Bona-Masso}{section.3.5}% 21
\BOOKMARK [1][-]{section.3.6}{Initial Data}{chapter.3}% 22
\BOOKMARK [2][-]{subsection.3.6.1}{York-Lichnerowicz conformal decomposition}{section.3.6}% 23
\BOOKMARK [1][-]{section.3.7}{Aside? Post Newtonian methods}{chapter.3}% 24
\BOOKMARK [1][-]{section.3.8}{perturbative methods}{chapter.3}% 25
\BOOKMARK [1][-]{section.3.9}{Dealing with singluarities}{chapter.3}% 26
\BOOKMARK [0][-]{chapter.4}{State of the Art \(this chapter is a total mess\)}{}% 27
\BOOKMARK [1][-]{section.4.1}{Extreme Mass Ratios}{chapter.4}% 28
\BOOKMARK [1][-]{section.4.2}{Longest Waveforms}{chapter.4}% 29
\BOOKMARK [1][-]{section.4.3}{Highest Spin}{chapter.4}% 30
\BOOKMARK [1][-]{section.4.4}{Christodoulou Memory}{chapter.4}% 31
\BOOKMARK [1][-]{section.4.5}{General Relativity Magneto Hydro Dynamics}{chapter.4}% 32
\BOOKMARK [1][-]{section.4.6}{Cactus}{chapter.4}% 33
\BOOKMARK [0][-]{chapter.5}{Data analysis}{}% 34
\BOOKMARK [1][-]{section.5.1}{Hypothesis Testing}{chapter.5}% 35
\BOOKMARK [2][-]{subsection.5.1.1}{Neyman-Pearson Approach}{section.5.1}% 36
\BOOKMARK [1][-]{section.5.2}{Introduction}{chapter.5}% 37
\BOOKMARK [1][-]{section.5.3}{Fourier Transforms}{chapter.5}% 38
\BOOKMARK [1][-]{section.5.4}{Windowed Fourier Transforms}{chapter.5}% 39
\BOOKMARK [1][-]{section.5.5}{wavelet transforms}{chapter.5}% 40
\BOOKMARK [1][-]{section.5.6}{Notes from "method for detection and reconstruction of gravitational wave transients with networks of advanced detectors}{chapter.5}% 41
\BOOKMARK [2][-]{subsection.5.6.1}{Low latency search}{section.5.6}% 42
\BOOKMARK [2][-]{subsection.5.6.2}{Archive analysis}{section.5.6}% 43
\BOOKMARK [2][-]{subsection.5.6.3}{Inverse problem for data from a network of detectors}{section.5.6}% 44
\BOOKMARK [2][-]{subsection.5.6.4}{Matched Filtering}{section.5.6}% 45
\BOOKMARK [1][-]{section.5.7}{Jaranowski et.al}{chapter.5}% 46
\BOOKMARK [0][-]{chapter.6}{Reduced Basis Methods for Parameterised Partial Differential Equations}{}% 47
\BOOKMARK [1][-]{section.6.1}{Problem Formulation}{chapter.6}% 48
\BOOKMARK [1][-]{section.6.2}{Parameter Domains and Grids}{chapter.6}% 49
\BOOKMARK [1][-]{section.6.3}{Parametric Scalar and vector fields}{chapter.6}% 50
\BOOKMARK [1][-]{section.6.4}{Problem statement}{chapter.6}% 51
\BOOKMARK [2][-]{subsection.6.4.1}{Exact}{section.6.4}% 52
\BOOKMARK [2][-]{subsection.6.4.2}{``Truth" Approximation}{section.6.4}% 53
\BOOKMARK [1][-]{section.6.5}{Reduced Basis Approximation}{chapter.6}% 54
\BOOKMARK [2][-]{subsection.6.5.1}{Lagrangian approach}{section.6.5}% 55
\BOOKMARK [1][-]{section.6.6}{Reduced basis for binary coalescences}{chapter.6}% 56
\BOOKMARK [1][-]{section.6.7}{Greedy Algorithm}{chapter.6}% 57
\BOOKMARK [0][-]{chapter.7}{Model Reduction for Compact Binary Coalescence}{}% 58
\BOOKMARK [1][-]{section.7.1}{Empirical Interpolation Method}{chapter.7}% 59
\BOOKMARK [0][-]{chapter.8}{Reduced basis methods for parameterised PDEs}{}% 60
\BOOKMARK [1][-]{section.8.1}{Forward model}{chapter.8}% 61
\BOOKMARK [1][-]{section.8.2}{Statistical Inverse Problems}{chapter.8}% 62
\BOOKMARK [2][-]{subsection.8.2.1}{Reduced basis method}{section.8.2}% 63
\BOOKMARK [1][-]{section.8.3}{One dimensional wire}{chapter.8}% 64
\BOOKMARK [2][-]{subsection.8.3.1}{Exact Solution}{section.8.3}% 65
\BOOKMARK [2][-]{subsection.8.3.2}{Numerical Solution}{section.8.3}% 66
\BOOKMARK [2][-]{subsection.8.3.3}{Reduced basis construction}{section.8.3}% 67
\BOOKMARK [1][-]{section.8.4}{Conclusions and further work}{chapter.8}% 68
\BOOKMARK [0][-]{chapter.9}{Model reduction for Gravitational Wave data analysis}{}% 69
\BOOKMARK [0][-]{appendix.A}{Functions, Spaces and Norms}{}% 70
\BOOKMARK [1][-]{section.A.1}{H\366lder Continuity}{appendix.A}% 71
\BOOKMARK [1][-]{section.A.2}{Lipschitz Continuity}{appendix.A}% 72
\BOOKMARK [1][-]{section.A.3}{Lebesgue Spaces}{appendix.A}% 73
\BOOKMARK [1][-]{section.A.4}{Sobolev Spaces}{appendix.A}% 74
\BOOKMARK [0][-]{appendix.B}{Differential Geometry}{}% 75
\BOOKMARK [1][-]{section.B.1}{Topological Spaces}{appendix.B}% 76
\BOOKMARK [1][-]{section.B.2}{Manifolds}{appendix.B}% 77
\BOOKMARK [1][-]{section.B.3}{Calculus on Manifolds}{appendix.B}% 78
\BOOKMARK [2][-]{subsection.B.3.1}{The Tangent Space}{section.B.3}% 79
\BOOKMARK [2][-]{subsection.B.3.2}{The Cotangent Space}{section.B.3}% 80
\BOOKMARK [2][-]{subsection.B.3.3}{Tensors}{section.B.3}% 81
\BOOKMARK [2][-]{subsection.B.3.4}{Riemannian Manifolds}{section.B.3}% 82
\BOOKMARK [1][-]{section.B.4}{Mappings between Manifolds}{appendix.B}% 83
\BOOKMARK [1][-]{section.B.5}{Isometries}{appendix.B}% 84
\BOOKMARK [1][-]{section.B.6}{The Lie Derivative}{appendix.B}% 85
\BOOKMARK [1][-]{section.B.7}{The Covariant Derivative}{appendix.B}% 86
\BOOKMARK [1][-]{section.B.8}{Derivation of the Levi-Civita Connection}{appendix.B}% 87
\BOOKMARK [1][-]{section.B.9}{Parallel Transport, geodesics and the Riemann curvature tensor}{appendix.B}% 88
\BOOKMARK [1][-]{section.B.10}{Geodesics}{appendix.B}% 89
\BOOKMARK [1][-]{section.B.11}{Euclidean and Hyperbolic space}{appendix.B}% 90
\BOOKMARK [0][-]{appendix.C}{PDEs}{}% 91
\BOOKMARK [1][-]{section.C.1}{Cauchy Problems}{appendix.C}% 92
