\BOOKMARK [0][-]{chapter.1}{Introduction}{}% 1
\BOOKMARK [0][-]{chapter.2}{Differential Geometry}{}% 2
\BOOKMARK [1][-]{section.2.1}{Topological Spaces}{chapter.2}% 3
\BOOKMARK [1][-]{section.2.2}{Manifolds}{chapter.2}% 4
\BOOKMARK [1][-]{section.2.3}{Calculus on Manifolds}{chapter.2}% 5
\BOOKMARK [2][-]{subsection.2.3.1}{The Tangent Space}{section.2.3}% 6
\BOOKMARK [2][-]{subsection.2.3.2}{The Cotangent Space}{section.2.3}% 7
\BOOKMARK [2][-]{subsection.2.3.3}{Tensors}{section.2.3}% 8
\BOOKMARK [2][-]{subsection.2.3.4}{Riemannian Manifolds}{section.2.3}% 9
\BOOKMARK [1][-]{section.2.4}{Mappings between Manifolds}{chapter.2}% 10
\BOOKMARK [1][-]{section.2.5}{Isometries}{chapter.2}% 11
\BOOKMARK [1][-]{section.2.6}{The Lie Derivative}{chapter.2}% 12
\BOOKMARK [1][-]{section.2.7}{The Covariant Derivative}{chapter.2}% 13
\BOOKMARK [1][-]{section.2.8}{Derivation of the Levi-Civita Connection}{chapter.2}% 14
\BOOKMARK [1][-]{section.2.9}{Parallel Transport, geodesics and the Riemann curvature tensor}{chapter.2}% 15
\BOOKMARK [1][-]{section.2.10}{Geodesics}{chapter.2}% 16
\BOOKMARK [1][-]{section.2.11}{Euclidean and Hyperbolic space}{chapter.2}% 17
\BOOKMARK [0][-]{chapter.3}{General Relativity}{}% 18
\BOOKMARK [1][-]{section.3.1}{Pseudo-Riemannian Metrics}{chapter.3}% 19
\BOOKMARK [1][-]{section.3.2}{Relativity in 1+1 dimensions}{chapter.3}% 20
\BOOKMARK [1][-]{section.3.3}{Minkowski Space}{chapter.3}% 21
\BOOKMARK [1][-]{section.3.4}{Black Holes}{chapter.3}% 22
\BOOKMARK [2][-]{subsection.3.4.1}{The Schwarzschild Solution}{section.3.4}% 23
\BOOKMARK [2][-]{subsection.3.4.2}{The Reissner-Nordstrom Solution}{section.3.4}% 24
\BOOKMARK [1][-]{section.3.5}{Linearised Gravity}{chapter.3}% 25
\BOOKMARK [2][-]{subsection.3.5.1}{Gauge Transformations}{section.3.5}% 26
\BOOKMARK [2][-]{subsection.3.5.2}{Gravitational Plane Wave Solutions }{section.3.5}% 27
